[INFO] [1742030090.803398157] [pose_subscriber]: Robot Position: x=0, y=0
[INFO] [1742030091.117808084] [pose_subscriber]: Robot Position: x=0, y=0
[INFO] [1742030091.531640370] [pose_subscriber]: Robot Position: x=0, y=0
[INFO] [1742030091.961150804] [pose_subscriber]: Robot Position: x=0, y=0
[INFO] [1742030092.289302705] [pose_subscriber]: Robot Position: x=0, y=0
[INFO] [1742030092.614962004] [pose_subscriber]: Robot Position: x=0, y=0
[INFO] [1742030092.981165513] [pose_subscriber]: Robot Position: x=0, y=0
[INFO] [1742030093.308284968] [pose_subscriber]: Robot Position: x=0, y=0
[INFO] [1742030094.864050304] [pose_subscriber]: Robot Position: x=0, y=0
[INFO] [1742030098.652970952] [pose_subscriber]: Robot Position: x=0, y=0
[INFO] [1742030099.372883805] [pose_subscriber]: Robot Position: x=0, y=0
[INFO] [1742030099.872904172] [pose_subscriber]: Robot Position: x=0, y=0
[INFO] [1742030100.421233584] [pose_subscriber]: Robot Position: x=0, y=0
[INFO] [1742030101.314961966] [pose_subscriber]: Robot Position: x=0, y=0
[INFO] [1742030101.704874360] [pose_subscriber]: Robot Position: x=0, y=0
[INFO] [1742030102.059816715] [pose_subscriber]: Robot Position: x=0, y=0
[INFO] [1742030102.380962918] [pose_subscriber]: Robot Position: x=0, y=0
[INFO] [1742030102.798778510] [pose_subscriber]: Robot Position: x=0, y=0
[INFO] [1742030103.222530258] [pose_subscriber]: Robot Position: x=0, y=0
[INFO] [1742030104.338898770] [pose_subscriber]: Robot Position: x=0, y=0
[INFO] [1742030108.375877268] [pose_subscriber]: Robot Position: x=0, y=1
[INFO] [1742030111.396494786] [pose_subscriber]: Robot Position: x=0, y=1
[INFO] [1742030111.783353582] [pose_subscriber]: Robot Position: x=0, y=1
[INFO] [1742030113.319183310] [pose_subscriber]: Robot Position: x=0, y=1
[INFO] [1742030114.091197737] [pose_subscriber]: Robot Position: x=0, y=1
[INFO] [1742030115.901133919] [pose_subscriber]: Robot Position: x=0, y=1
[INFO] [1742030127.944268475] [pose_subscriber]: Robot Position: x=0, y=2
[INFO] [1742030131.591694634] [pose_subscriber]: Robot Position: x=0, y=2
[INFO] [1742030153.260911340] [pose_subscriber]: Robot Position: x=0, y=3
[INFO] [1742030155.942807012] [pose_subscriber]: Robot Position: x=0, y=3
[INFO] [1742030156.247299931] [pose_subscriber]: Robot Position: x=0, y=3
[INFO] [1742030156.605429427] [pose_subscriber]: Robot Position: x=0, y=3
[INFO] [1742030157.709390415] [pose_subscriber]: Robot Position: x=0, y=3
[INFO] [1742030158.005014563] [pose_subscriber]: Robot Position: x=0, y=3
[INFO] [1742030158.391378173] [pose_subscriber]: Robot Position: x=0, y=3
[INFO] [1742030159.891888894] [pose_subscriber]: Robot Position: x=0, y=3
[INFO] [1742030160.220000211] [pose_subscriber]: Robot Position: x=0, y=3
[INFO] [1742030160.650075223] [pose_subscriber]: Robot Position: x=0, y=3
[INFO] [1742030162.389773610] [pose_subscriber]: Robot Position: x=0, y=3
[INFO] [1742030162.692466209] [pose_subscriber]: Robot Position: x=1, y=3
[INFO] [1742030164.288046307] [pose_subscriber]: Robot Position: x=1, y=4
[INFO] [1742030164.598714158] [pose_subscriber]: Robot Position: x=1, y=4
[INFO] [1742030165.085596152] [pose_subscriber]: Robot Position: x=1, y=4
[INFO] [1742030167.243274314] [pose_subscriber]: Robot Position: x=1, y=4
[INFO] [1742030167.550376811] [pose_subscriber]: Robot Position: x=1, y=4
[INFO] [1742030167.891737331] [pose_subscriber]: Robot Position: x=1, y=4
[INFO] [1742030168.893086779] [pose_subscriber]: Robot Position: x=1, y=4
[INFO] [1742030171.082112562] [pose_subscriber]: Robot Position: x=1, y=4
[INFO] [1742030171.964823059] [pose_subscriber]: Robot Position: x=1, y=4
[INFO] [1742030173.035907350] [pose_subscriber]: Robot Position: x=1, y=4
[INFO] [1742030173.709851014] [pose_subscriber]: Robot Position: x=1, y=4
[INFO] [1742030184.596364530] [pose_subscriber]: Robot Position: x=1, y=4
[INFO] [1742030206.576599323] [pose_subscriber]: Robot Position: x=1, y=4
[INFO] [1742030207.308903765] [pose_subscriber]: Robot Position: x=1, y=4
[INFO] [1742030208.103025817] [pose_subscriber]: Robot Position: x=2, y=4
[INFO] [1742030210.832192659] [pose_subscriber]: Robot Position: x=2, y=5
[INFO] [1742030212.337458237] [pose_subscriber]: Robot Position: x=2, y=5
[INFO] [1742030213.274046354] [pose_subscriber]: Robot Position: x=2, y=5
[INFO] [1742030213.622421988] [pose_subscriber]: Robot Position: x=2, y=5
[INFO] [1742030214.042393168] [pose_subscriber]: Robot Position: x=2, y=5
[INFO] [1742030214.668357846] [pose_subscriber]: Robot Position: x=2, y=5
[INFO] [1742030215.008786769] [pose_subscriber]: Robot Position: x=2, y=5
[INFO] [1742030215.558763057] [pose_subscriber]: Robot Position: x=2, y=5
[INFO] [1742030215.951628565] [pose_subscriber]: Robot Position: x=2, y=5
[INFO] [1742030227.175088076] [pose_subscriber]: Robot Position: x=2, y=5
[INFO] [1742030230.615113840] [pose_subscriber]: Robot Position: x=2, y=6
[INFO] [1742030234.145146432] [pose_subscriber]: Robot Position: x=2, y=6
[INFO] [1742030237.597005011] [pose_subscriber]: Robot Position: x=2, y=7
[INFO] [1742030254.782423267] [pose_subscriber]: Robot Position: x=2, y=7
[INFO] [1742030255.332934194] [pose_subscriber]: Robot Position: x=2, y=7
[INFO] [1742030255.627633451] [pose_subscriber]: Robot Position: x=2, y=7
[INFO] [1742030256.772431028] [pose_subscriber]: Robot Position: x=2, y=7
[INFO] [1742030257.226590759] [pose_subscriber]: Robot Position: x=2, y=7
[INFO] [1742030257.946581656] [pose_subscriber]: Robot Position: x=2, y=7
[INFO] [1742030429.011001870] [pose_subscriber]: Robot Position: x=2, y=7
[INFO] [1742030431.943306079] [pose_subscriber]: Robot Position: x=2, y=8
[INFO] [1742030434.940420361] [pose_subscriber]: Robot Position: x=2, y=8
[INFO] [1742030437.898072405] [pose_subscriber]: Robot Position: x=2, y=9
[INFO] [1742030440.946718252] [pose_subscriber]: Robot Position: x=2, y=9
[INFO] [1742030444.036517879] [pose_subscriber]: Robot Position: x=2, y=10
[INFO] [1742030446.957666742] [pose_subscriber]: Robot Position: x=2, y=10
[INFO] [1742030449.918503659] [pose_subscriber]: Robot Position: x=2, y=11
[INFO] [1742030451.758686199] [pose_subscriber]: Robot Position: x=1, y=11
[INFO] [1742030470.171443272] [pose_subscriber]: Robot Position: x=1, y=11
[INFO] [1742030474.914262126] [pose_subscriber]: Robot Position: x=1, y=12
[INFO] [1742030475.566082256] [pose_subscriber]: Robot Position: x=1, y=12
[INFO] [1742030475.942762917] [pose_subscriber]: Robot Position: x=1, y=12
[INFO] [1742030479.591501484] [pose_subscriber]: Robot Position: x=0, y=12
[INFO] [1742030480.699674678] [pose_subscriber]: Robot Position: x=0, y=12
[INFO] [1742030483.576157979] [pose_subscriber]: Robot Position: x=0, y=12
[INFO] [1742030486.449070195] [pose_subscriber]: Robot Position: x=-1, y=12
[INFO] [1742030492.493714470] [pose_subscriber]: Robot Position: x=-1, y=13
[INFO] [1742030495.370464328] [pose_subscriber]: Robot Position: x=-1, y=13
[INFO] [1742030498.224045016] [pose_subscriber]: Robot Position: x=-2, y=13
[INFO] [1742030501.127160047] [pose_subscriber]: Robot Position: x=-2, y=14
[INFO] [1742030504.121101878] [pose_subscriber]: Robot Position: x=-2, y=14
[INFO] [1742030507.097602179] [pose_subscriber]: Robot Position: x=-2, y=15
[INFO] [1742030510.000772511] [pose_subscriber]: Robot Position: x=-2, y=15
[INFO] [1742030512.881851492] [pose_subscriber]: Robot Position: x=-2, y=16
[INFO] [1742030515.835944642] [pose_subscriber]: Robot Position: x=-1, y=16
[INFO] [1742030518.673077519] [pose_subscriber]: Robot Position: x=-1, y=17
[INFO] [1742030521.506291887] [pose_subscriber]: Robot Position: x=-1, y=17
[INFO] [1742030524.351623554] [pose_subscriber]: Robot Position: x=0, y=17
[INFO] [1742030529.954886390] [pose_subscriber]: Robot Position: x=0, y=18
[INFO] [1742030533.266692862] [pose_subscriber]: Robot Position: x=0, y=18
[INFO] [1742030536.038635018] [pose_subscriber]: Robot Position: x=1, y=18
Traceback (most recent call last):
  File "/home/kyler/Documents/multiSLAM/channelUtils/pose_subscriber.py", line 50, in <module>
    rclpy.spin(node)
  File "/opt/ros/humble/local/lib/python3.10/dist-packages/rclpy/__init__.py", line 226, in spin
    executor.spin_once()
  File "/opt/ros/humble/local/lib/python3.10/dist-packages/rclpy/executors.py", line 739, in spin_once
    self._spin_once_impl(timeout_sec)
  File "/opt/ros/humble/local/lib/python3.10/dist-packages/rclpy/executors.py", line 728, in _spin_once_impl
    handler, entity, node = self.wait_for_ready_callbacks(timeout_sec=timeout_sec)
  File "/opt/ros/humble/local/lib/python3.10/dist-packages/rclpy/executors.py", line 711, in wait_for_ready_callbacks
    return next(self._cb_iter)
  File "/opt/ros/humble/local/lib/python3.10/dist-packages/rclpy/executors.py", line 612, in _wait_for_ready_callbacks
    raise ExternalShutdownException()
rclpy.executors.ExternalShutdownException

During handling of the above exception, another exception occurred:

Traceback (most recent call last):
  File "/home/kyler/Documents/multiSLAM/channelUtils/pose_subscriber.py", line 55, in <module>
    rclpy.shutdown()
  File "/opt/ros/humble/local/lib/python3.10/dist-packages/rclpy/__init__.py", line 130, in shutdown
    _shutdown(context=context)
  File "/opt/ros/humble/local/lib/python3.10/dist-packages/rclpy/utilities.py", line 58, in shutdown
    return context.shutdown()
  File "/opt/ros/humble/local/lib/python3.10/dist-packages/rclpy/context.py", line 102, in shutdown
    self.__context.shutdown()
rclpy._rclpy_pybind11.RCLError: failed to shutdown: rcl_shutdown already called on the given context, at ./src/rcl/init.c:241
