[INFO] [1742030086.575718363] [pose_subscriber]: Robot Position: x=0, y=0
[INFO] [1742030087.208433407] [pose_subscriber]: Robot Position: x=0, y=0
[INFO] [1742030091.649682489] [pose_subscriber]: Robot Position: x=1, y=0
[INFO] [1742030093.034434651] [pose_subscriber]: Robot Position: x=1, y=1
[INFO] [1742030095.860676806] [pose_subscriber]: Robot Position: x=1, y=1
[INFO] [1742030096.212993464] [pose_subscriber]: Robot Position: x=1, y=1
[INFO] [1742030097.279059231] [pose_subscriber]: Robot Position: x=1, y=1
[INFO] [1742030097.942948194] [pose_subscriber]: Robot Position: x=1, y=1
[INFO] [1742030101.343641290] [pose_subscriber]: Robot Position: x=1, y=1
[INFO] [1742030102.058922705] [pose_subscriber]: Robot Position: x=1, y=1
[INFO] [1742030103.116114257] [pose_subscriber]: Robot Position: x=1, y=1
[INFO] [1742030103.512332157] [pose_subscriber]: Robot Position: x=2, y=1
[INFO] [1742030108.144591825] [pose_subscriber]: Robot Position: x=2, y=1
[INFO] [1742030112.031662018] [pose_subscriber]: Robot Position: x=2, y=2
[INFO] [1742030124.026995189] [pose_subscriber]: Robot Position: x=3, y=2
[INFO] [1742030195.630133428] [pose_subscriber]: Robot Position: x=3, y=2
[INFO] [1742030199.220947230] [pose_subscriber]: Robot Position: x=4, y=2
[INFO] [1742030202.699476234] [pose_subscriber]: Robot Position: x=4, y=2
[INFO] [1742030223.871658121] [pose_subscriber]: Robot Position: x=5, y=2
[INFO] [1742030227.324442101] [pose_subscriber]: Robot Position: x=5, y=2
[INFO] [1742030229.476497045] [pose_subscriber]: Robot Position: x=5, y=2
[INFO] [1742030229.751258075] [pose_subscriber]: Robot Position: x=5, y=2
[INFO] [1742030230.031553196] [pose_subscriber]: Robot Position: x=5, y=2
[INFO] [1742030231.064787732] [pose_subscriber]: Robot Position: x=5, y=2
[INFO] [1742030231.535259463] [pose_subscriber]: Robot Position: x=5, y=2
[INFO] [1742030240.105779156] [pose_subscriber]: Robot Position: x=6, y=2
[INFO] [1742030258.575959408] [pose_subscriber]: Robot Position: x=6, y=2
[INFO] [1742030261.978900663] [pose_subscriber]: Robot Position: x=6, y=2
[INFO] [1742030265.192615017] [pose_subscriber]: Robot Position: x=7, y=2
[INFO] [1742030265.907041552] [pose_subscriber]: Robot Position: x=7, y=2
[INFO] [1742030268.226812812] [pose_subscriber]: Robot Position: x=7, y=1
[INFO] [1742030271.519679794] [pose_subscriber]: Robot Position: x=8, y=1
[INFO] [1742030276.039709467] [pose_subscriber]: Robot Position: x=8, y=1
[INFO] [1742030279.275964540] [pose_subscriber]: Robot Position: x=8, y=1
[INFO] [1742030282.558520422] [pose_subscriber]: Robot Position: x=9, y=1
[INFO] [1742030289.465728741] [pose_subscriber]: Robot Position: x=9, y=0
[INFO] [1742030292.716171731] [pose_subscriber]: Robot Position: x=9, y=0
[INFO] [1742030295.945361069] [pose_subscriber]: Robot Position: x=10, y=0
[INFO] [1742030299.281790521] [pose_subscriber]: Robot Position: x=10, y=-1
[INFO] [1742030302.587774009] [pose_subscriber]: Robot Position: x=11, y=-1
[INFO] [1742030306.098236042] [pose_subscriber]: Robot Position: x=11, y=-1
[INFO] [1742030309.298347428] [pose_subscriber]: Robot Position: x=12, y=-1
[INFO] [1742030312.588614842] [pose_subscriber]: Robot Position: x=12, y=-1
[INFO] [1742030316.046011782] [pose_subscriber]: Robot Position: x=13, y=-1
[INFO] [1742030319.240643904] [pose_subscriber]: Robot Position: x=13, y=-1
[INFO] [1742030322.474582423] [pose_subscriber]: Robot Position: x=14, y=-1
[INFO] [1742030325.707340660] [pose_subscriber]: Robot Position: x=14, y=-1
[INFO] [1742030328.836813176] [pose_subscriber]: Robot Position: x=15, y=-1
[INFO] [1742030332.196673456] [pose_subscriber]: Robot Position: x=15, y=-1
[INFO] [1742030335.286252828] [pose_subscriber]: Robot Position: x=16, y=-1
[INFO] [1742030339.831016454] [pose_subscriber]: Robot Position: x=16, y=-1
[INFO] [1742030342.842185931] [pose_subscriber]: Robot Position: x=16, y=0
[INFO] [1742030345.770187918] [pose_subscriber]: Robot Position: x=17, y=0
[INFO] [1742030348.705495194] [pose_subscriber]: Robot Position: x=17, y=1
[INFO] [1742030351.728263380] [pose_subscriber]: Robot Position: x=17, y=1
[INFO] [1742030354.793934245] [pose_subscriber]: Robot Position: x=17, y=2
[INFO] [1742030357.922153299] [pose_subscriber]: Robot Position: x=17, y=2
[INFO] [1742030365.101745720] [pose_subscriber]: Robot Position: x=17, y=2
[INFO] [1742030368.041386767] [pose_subscriber]: Robot Position: x=17, y=3
[INFO] [1742030371.637167773] [pose_subscriber]: Robot Position: x=16, y=3
[INFO] [1742030372.210525196] [pose_subscriber]: Robot Position: x=16, y=3
[INFO] [1742030372.473114054] [pose_subscriber]: Robot Position: x=16, y=3
[INFO] [1742030436.762588474] [pose_subscriber]: Robot Position: x=16, y=3
[INFO] [1742030437.150989922] [pose_subscriber]: Robot Position: x=16, y=3
[INFO] [1742030437.621753295] [pose_subscriber]: Robot Position: x=16, y=3
[INFO] [1742030439.105567325] [pose_subscriber]: Robot Position: x=16, y=3
[INFO] [1742030442.208504822] [pose_subscriber]: Robot Position: x=16, y=4
[INFO] [1742030445.259011026] [pose_subscriber]: Robot Position: x=16, y=4
[INFO] [1742030448.176632866] [pose_subscriber]: Robot Position: x=16, y=5
[INFO] [1742030453.567416075] [pose_subscriber]: Robot Position: x=16, y=5
[INFO] [1742030456.509037260] [pose_subscriber]: Robot Position: x=16, y=6
[INFO] [1742030459.490657209] [pose_subscriber]: Robot Position: x=15, y=6
[INFO] [1742030462.716047948] [pose_subscriber]: Robot Position: x=15, y=6
[INFO] [1742030463.241177679] [pose_subscriber]: Robot Position: x=15, y=6
[INFO] [1742030471.233247734] [pose_subscriber]: Robot Position: x=15, y=6
[INFO] [1742030471.684718234] [pose_subscriber]: Robot Position: x=15, y=6
[INFO] [1742030474.572403795] [pose_subscriber]: Robot Position: x=16, y=6
[INFO] [1742030477.510878693] [pose_subscriber]: Robot Position: x=16, y=6
[INFO] [1742030480.446307049] [pose_subscriber]: Robot Position: x=17, y=7
[INFO] [1742030483.178893508] [pose_subscriber]: Robot Position: x=17, y=7
[INFO] [1742030484.606737152] [pose_subscriber]: Robot Position: x=17, y=7
[INFO] [1742030485.044608840] [pose_subscriber]: Robot Position: x=17, y=7
[INFO] [1742030487.901667705] [pose_subscriber]: Robot Position: x=17, y=8
[INFO] [1742030489.965636877] [pose_subscriber]: Robot Position: x=18, y=8
[INFO] [1742030491.663639988] [pose_subscriber]: Robot Position: x=18, y=8
[INFO] [1742030493.205568654] [pose_subscriber]: Robot Position: x=18, y=8
[INFO] [1742030496.169365890] [pose_subscriber]: Robot Position: x=18, y=8
[INFO] [1742030503.868251046] [pose_subscriber]: Robot Position: x=19, y=8
[INFO] [1742030504.384709591] [pose_subscriber]: Robot Position: x=19, y=8
[INFO] [1742030507.311978469] [pose_subscriber]: Robot Position: x=19, y=9
[INFO] [1742030510.164206097] [pose_subscriber]: Robot Position: x=20, y=9
[INFO] [1742030513.028854778] [pose_subscriber]: Robot Position: x=20, y=10
[INFO] [1742030516.088371276] [pose_subscriber]: Robot Position: x=20, y=10
[INFO] [1742030518.926361120] [pose_subscriber]: Robot Position: x=20, y=11
[INFO] [1742030521.805855279] [pose_subscriber]: Robot Position: x=20, y=11
[INFO] [1742030524.661198815] [pose_subscriber]: Robot Position: x=20, y=12
[INFO] [1742030527.178252554] [pose_subscriber]: Robot Position: x=20, y=12
[INFO] [1742030529.401823562] [pose_subscriber]: Robot Position: x=20, y=12
[INFO] [1742030532.262821138] [pose_subscriber]: Robot Position: x=19, y=13
[INFO] [1742030533.142411895] [pose_subscriber]: Robot Position: x=19, y=13
[INFO] [1742030535.943227153] [pose_subscriber]: Robot Position: x=19, y=13
[INFO] [1742030538.818761256] [pose_subscriber]: Robot Position: x=18, y=13
[INFO] [1742030541.673377096] [pose_subscriber]: Robot Position: x=18, y=14
[INFO] [1742030544.470175627] [pose_subscriber]: Robot Position: x=18, y=14
[INFO] [1742030546.058244846] [pose_subscriber]: Robot Position: x=17, y=14
[INFO] [1742030546.823402414] [pose_subscriber]: Robot Position: x=17, y=14
[INFO] [1742030549.655546448] [pose_subscriber]: Robot Position: x=17, y=14
[INFO] [1742030552.475366155] [pose_subscriber]: Robot Position: x=17, y=15
[INFO] [1742030555.617680607] [pose_subscriber]: Robot Position: x=16, y=15
[INFO] [1742030561.556464357] [pose_subscriber]: Robot Position: x=16, y=16
[INFO] [1742030564.311356006] [pose_subscriber]: Robot Position: x=15, y=16
[INFO] [1742030567.110809544] [pose_subscriber]: Robot Position: x=15, y=16
[INFO] [1742030570.489624764] [pose_subscriber]: Robot Position: x=15, y=16
Traceback (most recent call last):
  File "/home/kyler/Documents/multiSLAM/channelUtils/pose_subscriber.py", line 50, in <module>
    rclpy.spin(node)
  File "/opt/ros/humble/local/lib/python3.10/dist-packages/rclpy/__init__.py", line 226, in spin
    executor.spin_once()
  File "/opt/ros/humble/local/lib/python3.10/dist-packages/rclpy/executors.py", line 739, in spin_once
    self._spin_once_impl(timeout_sec)
  File "/opt/ros/humble/local/lib/python3.10/dist-packages/rclpy/executors.py", line 728, in _spin_once_impl
    handler, entity, node = self.wait_for_ready_callbacks(timeout_sec=timeout_sec)
  File "/opt/ros/humble/local/lib/python3.10/dist-packages/rclpy/executors.py", line 711, in wait_for_ready_callbacks
    return next(self._cb_iter)
  File "/opt/ros/humble/local/lib/python3.10/dist-packages/rclpy/executors.py", line 612, in _wait_for_ready_callbacks
    raise ExternalShutdownException()
rclpy.executors.ExternalShutdownException

During handling of the above exception, another exception occurred:

Traceback (most recent call last):
  File "/home/kyler/Documents/multiSLAM/channelUtils/pose_subscriber.py", line 55, in <module>
    rclpy.shutdown()
  File "/opt/ros/humble/local/lib/python3.10/dist-packages/rclpy/__init__.py", line 130, in shutdown
    _shutdown(context=context)
  File "/opt/ros/humble/local/lib/python3.10/dist-packages/rclpy/utilities.py", line 58, in shutdown
    return context.shutdown()
  File "/opt/ros/humble/local/lib/python3.10/dist-packages/rclpy/context.py", line 102, in shutdown
    self.__context.shutdown()
rclpy._rclpy_pybind11.RCLError: failed to shutdown: rcl_shutdown already called on the given context, at ./src/rcl/init.c:241
