[INFO] [1741878392.938980956] [pose_subscriber]: Robot Position: x=0, y=0
[INFO] [1741878392.943061437] [pose_subscriber]: Robot Position: x=0, y=0
[INFO] [1741878393.235148091] [pose_subscriber]: Robot Position: x=0, y=0
[INFO] [1741878393.267663690] [pose_subscriber]: Robot Position: x=0, y=0
[INFO] [1741878393.620188512] [pose_subscriber]: Robot Position: x=0, y=0
[INFO] [1741878393.634220676] [pose_subscriber]: Robot Position: x=0, y=0
[INFO] [1741878394.840622205] [pose_subscriber]: Robot Position: x=0, y=0
[INFO] [1741878394.861003669] [pose_subscriber]: Robot Position: x=0, y=0
[INFO] [1741878396.449740540] [pose_subscriber]: Robot Position: x=0, y=0
[INFO] [1741878396.452886752] [pose_subscriber]: Robot Position: x=0, y=0
[INFO] [1741878396.905524989] [pose_subscriber]: Robot Position: x=0, y=0
[INFO] [1741878396.912210574] [pose_subscriber]: Robot Position: x=0, y=0
[INFO] [1741878397.523798746] [pose_subscriber]: Robot Position: x=0, y=0
[INFO] [1741878397.533874060] [pose_subscriber]: Robot Position: x=0, y=0
[INFO] [1741878404.223607721] [pose_subscriber]: Robot Position: x=1, y=1
[INFO] [1741878404.226334403] [pose_subscriber]: Robot Position: x=1, y=1
[INFO] [1741878404.869361092] [pose_subscriber]: Robot Position: x=1, y=1
[INFO] [1741878404.870341896] [pose_subscriber]: Robot Position: x=1, y=1
[INFO] [1741878408.392940378] [pose_subscriber]: Robot Position: x=1, y=1
[INFO] [1741878408.394518889] [pose_subscriber]: Robot Position: x=1, y=1
[INFO] [1741878417.831413360] [pose_subscriber]: Robot Position: x=1, y=1
[INFO] [1741878417.839860573] [pose_subscriber]: Robot Position: x=1, y=1
[INFO] [1741878419.395864081] [pose_subscriber]: Robot Position: x=1, y=1
[INFO] [1741878419.397188737] [pose_subscriber]: Robot Position: x=1, y=1
[INFO] [1741878420.217375555] [pose_subscriber]: Robot Position: x=1, y=1
[INFO] [1741878420.225024660] [pose_subscriber]: Robot Position: x=1, y=1
[INFO] [1741878421.163762259] [pose_subscriber]: Robot Position: x=1, y=1
[INFO] [1741878421.167189364] [pose_subscriber]: Robot Position: x=1, y=0
[INFO] [1741878421.532936983] [pose_subscriber]: Robot Position: x=1, y=1
[INFO] [1741878421.568342783] [pose_subscriber]: Robot Position: x=1, y=1
[INFO] [1741878430.650516751] [pose_subscriber]: Robot Position: x=1, y=1
[INFO] [1741878430.651775282] [pose_subscriber]: Robot Position: x=1, y=1
[INFO] [1741878431.079020024] [pose_subscriber]: Robot Position: x=1, y=1
[INFO] [1741878431.084055156] [pose_subscriber]: Robot Position: x=1, y=1
[INFO] [1741878434.203444811] [pose_subscriber]: Robot Position: x=1, y=1
[INFO] [1741878434.217109743] [pose_subscriber]: Robot Position: x=1, y=1
[INFO] [1741878460.830886073] [pose_subscriber]: Robot Position: x=1, y=1
[INFO] [1741878460.839425314] [pose_subscriber]: Robot Position: x=1, y=1
[INFO] [1741878600.294926348] [pose_subscriber]: Robot Position: x=1, y=2
[INFO] [1741878600.297973009] [pose_subscriber]: Robot Position: x=1, y=2
[INFO] [1741878600.976588969] [pose_subscriber]: Robot Position: x=1, y=2
[INFO] [1741878601.003443329] [pose_subscriber]: Robot Position: x=1, y=2
[INFO] [1741878602.411180798] [pose_subscriber]: Robot Position: x=1, y=2
[INFO] [1741878602.411999869] [pose_subscriber]: Robot Position: x=1, y=2
[INFO] [1741878603.679973041] [pose_subscriber]: Robot Position: x=2, y=2
[INFO] [1741878603.680929580] [pose_subscriber]: Robot Position: x=1, y=2
[INFO] [1741878605.898519000] [pose_subscriber]: Robot Position: x=2, y=2
[INFO] [1741878605.928689705] [pose_subscriber]: Robot Position: x=2, y=2
[INFO] [1741878606.558026675] [pose_subscriber]: Robot Position: x=2, y=2
[INFO] [1741878606.574189996] [pose_subscriber]: Robot Position: x=2, y=2
[INFO] [1741878606.889416802] [pose_subscriber]: Robot Position: x=2, y=2
[INFO] [1741878606.903811778] [pose_subscriber]: Robot Position: x=2, y=2
[INFO] [1741878607.824443945] [pose_subscriber]: Robot Position: x=2, y=2
[INFO] [1741878607.833591444] [pose_subscriber]: Robot Position: x=2, y=2
[INFO] [1741878608.219079538] [pose_subscriber]: Robot Position: x=2, y=2
[INFO] [1741878608.220223347] [pose_subscriber]: Robot Position: x=2, y=2
[INFO] [1741878608.812492546] [pose_subscriber]: Robot Position: x=2, y=2
[INFO] [1741878608.813707901] [pose_subscriber]: Robot Position: x=2, y=2
[INFO] [1741878612.059878714] [pose_subscriber]: Robot Position: x=2, y=2
[INFO] [1741878612.087451754] [pose_subscriber]: Robot Position: x=2, y=2
[INFO] [1741878613.249989330] [pose_subscriber]: Robot Position: x=2, y=2
[INFO] [1741878613.261527258] [pose_subscriber]: Robot Position: x=2, y=2
[INFO] [1741878613.835729573] [pose_subscriber]: Robot Position: x=3, y=2
[INFO] [1741878613.840584249] [pose_subscriber]: Robot Position: x=3, y=2
[INFO] [1741878615.074328884] [pose_subscriber]: Robot Position: x=3, y=2
[INFO] [1741878615.075169973] [pose_subscriber]: Robot Position: x=3, y=2
[INFO] [1741878616.752373859] [pose_subscriber]: Robot Position: x=3, y=2
[INFO] [1741878616.753533359] [pose_subscriber]: Robot Position: x=3, y=2
[INFO] [1741878617.626205934] [pose_subscriber]: Robot Position: x=3, y=2
[INFO] [1741878617.627991793] [pose_subscriber]: Robot Position: x=3, y=2
[INFO] [1741878618.774848344] [pose_subscriber]: Robot Position: x=3, y=2
[INFO] [1741878618.776087991] [pose_subscriber]: Robot Position: x=3, y=2
[INFO] [1741878622.027150925] [pose_subscriber]: Robot Position: x=4, y=2
[INFO] [1741878622.028286257] [pose_subscriber]: Robot Position: x=4, y=2
[INFO] [1741878625.177816697] [pose_subscriber]: Robot Position: x=4, y=2
[INFO] [1741878625.179072823] [pose_subscriber]: Robot Position: x=4, y=2
[INFO] [1741878635.447684756] [pose_subscriber]: Robot Position: x=5, y=2
[INFO] [1741878635.448826476] [pose_subscriber]: Robot Position: x=5, y=2
[INFO] [1741878652.560204275] [pose_subscriber]: Robot Position: x=5, y=2
[INFO] [1741878652.561357136] [pose_subscriber]: Robot Position: x=5, y=2
[INFO] [1741878655.781867971] [pose_subscriber]: Robot Position: x=5, y=1
[INFO] [1741878655.785634536] [pose_subscriber]: Robot Position: x=5, y=1
[INFO] [1741878660.220820820] [pose_subscriber]: Robot Position: x=6, y=1
[INFO] [1741878660.221677163] [pose_subscriber]: Robot Position: x=6, y=1
[INFO] [1741878660.601092607] [pose_subscriber]: Robot Position: x=6, y=1
[INFO] [1741878660.603101159] [pose_subscriber]: Robot Position: x=6, y=1
[INFO] [1741878660.903710228] [pose_subscriber]: Robot Position: x=6, y=1
[INFO] [1741878660.904699516] [pose_subscriber]: Robot Position: x=6, y=1
[INFO] [1741878661.661975335] [pose_subscriber]: Robot Position: x=6, y=1
[INFO] [1741878661.662954305] [pose_subscriber]: Robot Position: x=6, y=1
[INFO] [1741878661.983789828] [pose_subscriber]: Robot Position: x=6, y=1
[INFO] [1741878661.985962089] [pose_subscriber]: Robot Position: x=6, y=1
[INFO] [1741878662.353338030] [pose_subscriber]: Robot Position: x=6, y=1
[INFO] [1741878662.355103823] [pose_subscriber]: Robot Position: x=6, y=1
[INFO] [1741878665.681199330] [pose_subscriber]: Robot Position: x=6, y=1
[INFO] [1741878665.682205851] [pose_subscriber]: Robot Position: x=6, y=1
[INFO] [1741878668.545203888] [pose_subscriber]: Robot Position: x=6, y=1
[INFO] [1741878668.546071361] [pose_subscriber]: Robot Position: x=6, y=1
[INFO] [1741878671.749480324] [pose_subscriber]: Robot Position: x=7, y=0
[INFO] [1741878671.752072751] [pose_subscriber]: Robot Position: x=7, y=0
[INFO] [1741878682.024157619] [pose_subscriber]: Robot Position: x=7, y=0
[INFO] [1741878682.056731174] [pose_subscriber]: Robot Position: x=7, y=0
Traceback (most recent call last):
  File "/home/kyler/Documents/multiSLAM/channelProcessingUtils/pose_subscriber.py", line 49, in <module>
    rclpy.spin(node)
  File "/opt/ros/humble/local/lib/python3.10/dist-packages/rclpy/__init__.py", line 226, in spin
    executor.spin_once()
  File "/opt/ros/humble/local/lib/python3.10/dist-packages/rclpy/executors.py", line 739, in spin_once
    self._spin_once_impl(timeout_sec)
  File "/opt/ros/humble/local/lib/python3.10/dist-packages/rclpy/executors.py", line 728, in _spin_once_impl
    handler, entity, node = self.wait_for_ready_callbacks(timeout_sec=timeout_sec)
  File "/opt/ros/humble/local/lib/python3.10/dist-packages/rclpy/executors.py", line 711, in wait_for_ready_callbacks
    return next(self._cb_iter)
  File "/opt/ros/humble/local/lib/python3.10/dist-packages/rclpy/executors.py", line 612, in _wait_for_ready_callbacks
    raise ExternalShutdownException()
rclpy.executors.ExternalShutdownException

During handling of the above exception, another exception occurred:

Traceback (most recent call last):
  File "/home/kyler/Documents/multiSLAM/channelProcessingUtils/pose_subscriber.py", line 54, in <module>
    rclpy.shutdown()
  File "/opt/ros/humble/local/lib/python3.10/dist-packages/rclpy/__init__.py", line 130, in shutdown
    _shutdown(context=context)
  File "/opt/ros/humble/local/lib/python3.10/dist-packages/rclpy/utilities.py", line 58, in shutdown
    return context.shutdown()
  File "/opt/ros/humble/local/lib/python3.10/dist-packages/rclpy/context.py", line 102, in shutdown
    self.__context.shutdown()
rclpy._rclpy_pybind11.RCLError: failed to shutdown: rcl_shutdown already called on the given context, at ./src/rcl/init.c:241
